
=====================================================================
This module is intended solely for building or source activating user
python environments, i.e.,

    mamba create -n myenv -c conda-forge <package_list>

or

    source activate myenv

To list available environments, run:

    mamba info --envs

See our docs: https://links.asu.edu/solpy

Any other use is NOT TESTED.
=====================================================================

  
dim: 74752
Traceback (most recent call last):
  File "/home/unath/medical_mae/low-rank/low_rank_fast.py", line 63, in <module>
    main(args)
  File "/home/unath/medical_mae/low-rank/low_rank_fast.py", line 48, in main
    U, S, V = scipy.sparse.linalg.svds(kernel_matrix, dim, solver='propack')
  File "/packages/apps/mamba/1.2.0/lib/python3.10/site-packages/scipy/sparse/linalg/_eigen/_svds.py", line 500, in svds
    res = _svdp(A, k=k, tol=tol**2, which=which, maxiter=None,
  File "/packages/apps/mamba/1.2.0/lib/python3.10/site-packages/scipy/sparse/linalg/_svdp.py", line 311, in _svdp
    raise LinAlgError(
numpy.linalg.LinAlgError: An invariant subspace of dimension 336 was found.
