# conda environments:
#
                      *  /home/unath/anaconda3
                         /home/unath/anaconda3/envs/objdec
                         /home/unath/anaconda3/envs/py39
                         /home/unath/anaconda3/envs/swin
base                     /packages/apps/mamba/1.2.0
ProteinMPNN              /packages/envs/ProteinMPNN
SE3nv_edit               /packages/envs/SE3nv_edit
ambertools20             /packages/envs/ambertools20
ambertools22             /packages/envs/ambertools22
ambertools23             /packages/envs/ambertools23
bgzip                    /packages/envs/bgzip
bioalpha                 /packages/envs/bioalpha
caffe-1.0                /packages/envs/caffe-1.0
caffe-1.0-gpu            /packages/envs/caffe-1.0-gpu
cenote-taker2            /packages/envs/cenote-taker2
cryodrgn-2.3.0           /packages/envs/cryodrgn-2.3.0
dadi-cli                 /packages/envs/dadi-cli
fastqc-0.11.9            /packages/envs/fastqc-0.11.9
ffcv                     /packages/envs/ffcv
genai23.08               /packages/envs/genai23.08
gpaw-22.1.0              /packages/envs/gpaw-22.1.0
gurobi-9.5.1             /packages/envs/gurobi-9.5.1
hecatomb                 /packages/envs/hecatomb
maker                    /packages/envs/maker
metl                     /packages/envs/metl
multiqc-1.14             /packages/envs/multiqc-1.14
parallelfold             /packages/envs/parallelfold
pop                      /packages/envs/pop
pyklip                   /packages/envs/pyklip
pyrosetta-2023           /packages/envs/pyrosetta-2023
python4lammpsCmake       /packages/envs/python4lammpsCmake
pytorch-1.8.2            /packages/envs/pytorch-1.8.2
qiime2-2022.11           /packages/envs/qiime2-2022.11
qiime2-2023.2            /packages/envs/qiime2-2023.2
qiime2-2023.7            /packages/envs/qiime2-2023.7
qiskit                   /packages/envs/qiskit
rapids22.10              /packages/envs/rapids22.10
rapids23.06              /packages/envs/rapids23.06
raptorx                  /packages/envs/raptorx
repeatmasker-2.0.3       /packages/envs/repeatmasker-2.0.3
samtools-1.16.1          /packages/envs/samtools-1.16.1
scicomp                  /packages/envs/scicomp
sleap                    /packages/envs/sleap
tensorflow-gpu-2.10.0     /packages/envs/tensorflow-gpu-2.10.0
tensorflow-gpu-2.6.0     /packages/envs/tensorflow-gpu-2.6.0
textgen                  /packages/envs/textgen

 WARNING: Invariant subspace found. Dimension =          336
